<?xml version="1.0" encoding="UTF-8"?>
<!-- Generated by org.testng.reporters.JUnitReportReporter -->
<testsuite hostname="Jananis-MacBook-Air.local" failures="0" tests="1" name="com.lotus.AppTest" time="6.815" errors="0" timestamp="9 May 2019 03:38:51 GMT">
  <testcase classname="com.lotus.AppTest" name="fetchGoogleSearchStats" time="6.815"/>
</testsuite> <!-- com.lotus.AppTest -->
