<?xml version="1.0" encoding="UTF-8"?>
<!-- Generated by org.testng.reporters.JUnitReportReporter -->
<testsuite hostname="Jananis-MacBook-Air.local" failures="0" tests="4" name="com.lotus.TestWebBrowser" time="52.971" errors="0" timestamp="11 May 2019 17:31:27 GMT" skipped="3">
  <testcase classname="com.lotus.TestWebBrowser" name="emulatorNativeAppTest" time="52.971"/>
  <testcase classname="com.lotus.TestWebBrowser" name="realDeviceTest">
    <skipped/>
  </testcase> <!-- realDeviceTest -->
  <testcase classname="com.lotus.TestWebBrowser" name="emulatorAppTest">
    <skipped/>
  </testcase> <!-- emulatorAppTest -->
  <testcase classname="com.lotus.TestWebBrowser" name="emulatorWebTest">
    <skipped/>
  </testcase> <!-- emulatorWebTest -->
</testsuite> <!-- com.lotus.TestWebBrowser -->
