<?xml version="1.0" encoding="UTF-8"?>
<!-- Generated by org.testng.reporters.JUnitReportReporter -->
<testsuite hostname="Jananis-MacBook-Air.local" failures="0" tests="4" name="com.lotus.AndroidAutomationTests" time="42.954" errors="0" timestamp="12 May 2019 01:14:25 GMT" skipped="3">
  <testcase classname="com.lotus.AndroidAutomationTests" name="emulatorWebTest" time="42.954"/>
  <testcase classname="com.lotus.AndroidAutomationTests" name="emulatorAppTest">
    <skipped/>
  </testcase> <!-- emulatorAppTest -->
  <testcase classname="com.lotus.AndroidAutomationTests" name="realDeviceTest">
    <skipped/>
  </testcase> <!-- realDeviceTest -->
  <testcase classname="com.lotus.AndroidAutomationTests" name="emulatorNativeAppTest">
    <skipped/>
  </testcase> <!-- emulatorNativeAppTest -->
</testsuite> <!-- com.lotus.AndroidAutomationTests -->
